<?xml version="1.0" encoding="UTF-8"?>
<!-- Generated by org.testng.reporters.JUnitReportReporter -->
<testsuite hostname="AZMAL" failures="0" tests="1" name="practiceSelenium.PracticeTest" time="0.374" errors="0" timestamp="2022-07-29T15:10:41 IST" skipped="0">
  <testcase classname="practiceSelenium.PracticeTest" name="testPractice" time="0.374"/>
  <system-out/>
</testsuite> <!-- practiceSelenium.PracticeTest -->
