<?xml version="1.0" encoding="UTF-8"?>
<!-- Generated by org.testng.reporters.JUnitReportReporter -->
<testsuite hostname="AZMAL" failures="0" tests="1" name="practiceSelenium.AlertPractice" time="4.261" errors="0" timestamp="2022-07-29T18:19:25 IST" skipped="0">
  <testcase classname="practiceSelenium.AlertPractice" name="testAlertPractice" time="4.261"/>
  <system-out/>
</testsuite> <!-- practiceSelenium.AlertPractice -->
