<?xml version="1.0" encoding="UTF-8"?>
<!-- Generated by org.testng.reporters.JUnitReportReporter -->
<testsuite hostname="AZMAL" failures="0" tests="1" name="practiceSelenium.CalendarDemoRedcliff" time="12.791" errors="0" timestamp="2022-12-09T17:35:54 IST" skipped="0">
  <testcase classname="practiceSelenium.CalendarDemoRedcliff" name="assertDemo" time="12.791"/>
  <system-out/>
</testsuite> <!-- practiceSelenium.CalendarDemoRedcliff -->
