<?xml version="1.0" encoding="UTF-8"?>
<!-- Generated by org.testng.reporters.JUnitReportReporter -->
<testsuite hostname="AZMAL" failures="0" tests="1" name="practiceSelenium.EnumDemo" time="5.864" errors="0" timestamp="2022-12-06T16:14:39 IST" skipped="0">
  <testcase classname="practiceSelenium.EnumDemo" name="googleTestEdge" time="5.864"/>
  <system-out/>
</testsuite> <!-- practiceSelenium.EnumDemo -->
