<?xml version="1.0" encoding="UTF-8"?>
<!-- Generated by org.testng.reporters.JUnitReportReporter -->
<testsuite hostname="AZMAL" failures="0" tests="1" name="practiceSelenium.FileUploadPracticeRobotClass" time="0.110" errors="0" timestamp="2022-08-23T18:03:19 IST" skipped="0">
  <testcase classname="practiceSelenium.FileUploadPracticeRobotClass" name="testFileUpload" time="0.110"/>
  <system-out/>
</testsuite> <!-- practiceSelenium.FileUploadPracticeRobotClass -->
