<?xml version="1.0" encoding="UTF-8"?>
<!-- Generated by org.testng.reporters.JUnitReportReporter -->
<testsuite hostname="AZMAL" failures="0" tests="3" name="practiceSelenium.DataProviderDemo" time="8.227" errors="0" timestamp="2022-08-23T17:01:59 IST" skipped="0">
  <testcase classname="practiceSelenium.DataProviderDemo" name="testSignIn" time="2.769"/>
  <system-out/>
  <testcase classname="practiceSelenium.DataProviderDemo" name="testSignIn" time="2.743"/>
  <system-out/>
  <testcase classname="practiceSelenium.DataProviderDemo" name="testSignIn" time="2.715"/>
  <system-out/>
</testsuite> <!-- practiceSelenium.DataProviderDemo -->
