<?xml version="1.0" encoding="UTF-8"?>
<!-- Generated by org.testng.reporters.JUnitReportReporter -->
<testsuite hostname="AZMAL" failures="0" tests="1" name="practiceSelenium.CalanderPractice" time="14.008" errors="0" timestamp="2022-08-23T12:02:12 IST" skipped="0">
  <testcase classname="practiceSelenium.CalanderPractice" name="init" time="14.008"/>
  <system-out/>
</testsuite> <!-- practiceSelenium.CalanderPractice -->
